[1782439595.528255] Client 0f19: No available seats found for 2026-06-26.
[1782439595.5275848] Client 952f: No available seats found for 2026-07-02.
[1782439595.5311096] Client cc69: No available seats found for 2026-07-01.
[1782439595.5283163] Client 05dd: No available seats found for 2026-06-29.
[1782439595.5377467] Client 9745: No available seats found for 2026-07-02.
[1782439595.537837] Client 6eff: No available seats found for 2026-06-27.
[1782439595.535746] Client d3ae: No available seats found for 2026-07-01.
[1782439595.5354989] Client aac9: No available seats found for 2026-06-28.
[1782439595.5409288] Client f363: No available seats found for 2026-06-26.
[1782439595.542617] Client 598d: No available seats found for 2026-07-01.
[1782439595.5384386] Client b56a: No available seats found for 2026-06-29.
[1782439595.5428712] Client a402: No available seats found for 2026-06-30.
[1782439595.57529] Client 7a3e: No available seats found for 2026-07-01.
[1782439595.578516] Client 3d0a: No available seats found for 2026-07-02.
[1782439595.5795705] Client 7a2b: No available seats found for 2026-06-26.
[1782439595.581228] Client 0310: No available seats found for 2026-06-30.
[1782439595.581454] Client adc7: No available seats found for 2026-06-26.
[1782439595.58168] Client 73b8: No available seats found for 2026-07-01.
[1782439595.5819924] Client 9084: No available seats found for 2026-06-28.
[1782439595.5822182] Client 6cd2: No available seats found for 2026-06-30.
[1782439595.5829475] Client 1c2a: No available seats found for 2026-06-27.
[1782439595.5847926] Client e9eb: No available seats found for 2026-07-02.
[1782439595.5852594] Client 3d39: No available seats found for 2026-06-30.
[1782439595.578004] Client 73b2: No available seats found for 2026-06-30.
[1782439595.5787494] Client 386f: No available seats found for 2026-06-30.
[1782439595.5777621] Client 6731: No available seats found for 2026-07-01.
[1782439595.5804005] Client ff02: No available seats found for 2026-06-29.
[1782439595.5807173] Client cd31: No available seats found for 2026-06-26.
[1782439595.5803175] Client 9661: No available seats found for 2026-06-27.
[1782439595.581078] Client a5c7: No available seats found for 2026-06-27.
[1782439595.5791981] Client 0813: No available seats found for 2026-06-30.
[1782439595.581514] Client 8e81: No available seats found for 2026-06-27.
[1782439595.5825849] Client 948a: No available seats found for 2026-06-29.
[1782439595.5808978] Client 1005: No available seats found for 2026-06-30.
[1782439595.5818446] Client 9502: No available seats found for 2026-06-26.
[1782439595.5816064] Client 291f: No available seats found for 2026-06-29.
[1782439595.5786319] Client e723: No available seats found for 2026-06-30.
[1782439595.579419] Client e5d0: No available seats found for 2026-06-26.
[1782439595.5789986] Client d680: No available seats found for 2026-07-01.
[1782439595.5753677] Client 370e: No available seats found for 2026-06-30.
[1782439595.5837867] Client d4ed: No available seats found for 2026-06-28.
[1782439595.5821688] Client 572a: No available seats found for 2026-06-30.
[1782439595.5879512] Client 968a: No available seats found for 2026-06-28.
[1782439595.5858097] Client 60e4: No available seats found for 2026-06-29.
[1782439595.5819347] Client 7e3f: No available seats found for 2026-06-30.
[1782439595.5788963] Client 6b9d: No available seats found for 2026-07-02.
[1782439595.5821054] Client dff9: No available seats found for 2026-06-30.
[1782439595.5826375] Client d038: No available seats found for 2026-06-28.
[1782439595.5793092] Client 8ae1: No available seats found for 2026-06-26.
[1782439595.5851908] Client 8d1a: No available seats found for 2026-06-28.
[1782439595.583717] Client ae1e: No available seats found for 2026-06-30.
[1782439595.585318] Client cefa: No available seats found for 2026-07-02.
[1782439595.605834] Client d43c: No available seats found for 2026-06-30.
[1782439595.6062667] Client e4bc: No available seats found for 2026-07-01.
[1782439595.586925] Client 58fe: No available seats found for 2026-06-26.
[1782439595.6070237] Client 21a0: No available seats found for 2026-06-30.
[1782439595.6072376] Client 3eb7: No available seats found for 2026-06-26.
[1782439595.6075313] Client d795: No available seats found for 2026-07-01.
[1782439595.6081498] Client d2f9: No available seats found for 2026-06-28.
[1782439595.5856519] Client deab: No available seats found for 2026-06-28.
[1782439595.6084456] Client 9bd8: No available seats found for 2026-06-28.
[1782439595.6095517] Client c0a1: No available seats found for 2026-06-29.
[1782439595.6097913] Client cecb: No available seats found for 2026-06-28.
[1782439595.6103315] Client ed86: No available seats found for 2026-06-29.
[1782439595.611141] Client 6789: No available seats found for 2026-06-27.
[1782439595.5991724] Client 951e: No available seats found for 2026-06-26.
[1782439595.612397] Client ae1d: No available seats found for 2026-06-29.
[1782439595.6135995] Client db78: No available seats found for 2026-06-30.
[1782439595.6144123] Client 8ef5: No available seats found for 2026-06-28.
[1782439595.6147125] Client 22a8: No available seats found for 2026-06-30.
[1782439595.6152937] Client 41b5: No available seats found for 2026-06-27.
[1782439595.6176262] Client 8734: No available seats found for 2026-06-28.
[1782439595.6180956] Client b3c1: No available seats found for 2026-06-30.
[1782439595.6183043] Client 20c4: No available seats found for 2026-06-30.
[1782439595.6188612] Client 2c11: No available seats found for 2026-06-29.
[1782439595.6193566] Client ecb0: No available seats found for 2026-07-01.
[1782439595.6221795] Client ec0b: No available seats found for 2026-06-28.
[1782439595.6223388] Client 2e97: No available seats found for 2026-07-02.
[1782439595.6226726] Client 4406: No available seats found for 2026-07-01.
[1782439595.6230512] Client 3813: No available seats found for 2026-06-30.
[1782439595.6234112] Client 847a: No available seats found for 2026-06-27.
[1782439595.6241796] Client 291b: No available seats found for 2026-06-29.
[1782439595.624315] Client a374: No available seats found for 2026-06-28.
[1782439595.6244104] Client 239f: No available seats found for 2026-06-27.
[1782439595.624811] Client 0903: No available seats found for 2026-07-01.
[1782439595.615649] Client aeea: No available seats found for 2026-07-01.
[1782439595.62649] Client 71e0: No available seats found for 2026-07-01.
[1782439595.6265883] Client 9028: No available seats found for 2026-07-02.
[1782439595.6089253] Client 815c: No available seats found for 2026-06-29.
[1782439595.6270082] Client 3a99: No available seats found for 2026-07-01.
[1782439595.62888] Client 5536: No available seats found for 2026-06-28.
[1782439595.6213987] Client 62b2: No available seats found for 2026-06-26.
[1782439595.6303637] Client ec41: No available seats found for 2026-06-27.
[1782439595.6305048] Client 2171: No available seats found for 2026-07-01.
[1782439595.6310172] Client ab9c: No available seats found for 2026-06-27.
[1782439595.632152] Client 555f: No available seats found for 2026-06-30.
[1782439595.60391] Client cf32: No available seats found for 2026-06-26.
[1782439595.633479] Client 60c5: No available seats found for 2026-06-27.
[1782439595.6341825] Client 48b8: No available seats found for 2026-06-26.
[1782439595.634463] Client 9cfa: No available seats found for 2026-06-27.
[1782439595.634509] Client 4f56: No available seats found for 2026-06-28.
[1782439595.6347208] Client 71b3: No available seats found for 2026-07-02.
[1782439595.617144] Client 8a89: No available seats found for 2026-06-29.
[1782439595.6158297] Client 0691: No available seats found for 2026-06-26.
[1782439595.635114] Client 7441: No available seats found for 2026-07-01.
[1782439595.6353717] Client 7d81: No available seats found for 2026-06-29.
[1782439595.635966] Client 70cf: No available seats found for 2026-06-27.
[1782439595.6363795] Client 3cad: No available seats found for 2026-07-02.
[1782439595.6370018] Client e49c: No available seats found for 2026-06-30.
[1782439595.6372046] Client b9b0: No available seats found for 2026-06-27.
[1782439595.6378772] Client a9c3: No available seats found for 2026-06-30.
[1782439595.6381667] Client 558f: No available seats found for 2026-06-29.
[1782439595.638359] Client 4d8a: No available seats found for 2026-06-29.
[1782439595.6384315] Client 7667: No available seats found for 2026-07-01.
[1782439595.6385028] Client f828: No available seats found for 2026-07-02.
[1782439595.6392121] Client 564d: No available seats found for 2026-06-28.
[1782439595.6393642] Client 9af1: No available seats found for 2026-06-29.
[1782439595.6396167] Client 82b4: No available seats found for 2026-06-30.
[1782439595.6398413] Client 9895: No available seats found for 2026-06-28.
[1782439595.639896] Client b135: No available seats found for 2026-06-27.
[1782439595.6423056] User 'admin_super' attempting login...
[1782439595.6447954] 🔓 Admin login successful for 'admin_super'.
[1782439595.645918] 📉 Admin a135 initiated bus merge on 2026-07-02 (Load: 0.00).
[1782439595.6480274] ⚠️ UI ALERT: 'Bus alteration in process' (Seats hidden).
[1782439597.6520307] ✅ Merge complete on 2026-07-02. Redundant bus deactivated.
